make --dry-run --always-make --keep-going --print-directory
make: Entering directory `/Users/jowallace/Dev/SPRE-2022/firmware/rateController'
/Library/Developer/CommandLineTools/usr/bin/make -C /Users/jowallace/Dev/SPRE-2022/firmware/rateController/build KBUILD_SRC=/Users/jowallace/Dev/SPRE-2022/firmware/rateController \
	-f /Users/jowallace/Dev/SPRE-2022/firmware/rateController/Makefile 
 
make[1]: Entering directory `/Users/jowallace/Dev/SPRE-2022/firmware/rateController/build'
 
  GEN     ./Makefile
 
  SHIPPED scripts/kconfig/zconf.tab.c
 
  SHIPPED scripts/kconfig/zconf.lex.c
 
  SHIPPED scripts/kconfig/zconf.hash.c
 
  HOSTCC  scripts/kconfig/zconf.tab.o
 
  HOSTLD  scripts/kconfig/conf
 
scripts/kconfig/conf  --silentoldconfig Kconfig
 
***
*** Configuration file ".config" not found!
***
*** Please run some configurator (e.g. "make oldconfig" or
*** "make menuconfig" or "make xconfig").
***

make[3]: *** [silentoldconfig] Error 1

make[2]: *** [silentoldconfig] Error 2

echo '  Using .. as source for kernel'
 
if [ -f ../.config -o -f ../include/config/auto.conf ]; then \
		echo >&2 "  .. is not clean, please run 'make mrproper'"; \
		echo >&2 "  in the '..' directory.";\
		/bin/false; \
	fi;
ln -fsn .. source
/bin/sh ../scripts/mkmakefile \
	    .. . 1 0
 
set -e; echo '  CHK     include/generated/version.h'; mkdir -p include/generated/; 	(echo \#define firmware_VERSION_CODE 65536; echo '#define firmware_VERSION(a,b,c) (((a) << 16) + ((b) << 8) + (c))';) < ../Makefile > include/generated/version.h.tmp; if [ -r include/generated/version.h ] && cmp -s include/generated/version.h include/generated/version.h.tmp; then rm -f include/generated/version.h.tmp; else echo '  UPD     include/generated/version.h'; mv -f include/generated/version.h.tmp include/generated/version.h; fi
 
/Library/Developer/CommandLineTools/usr/bin/make -f ../scripts/Makefile.build obj=scripts/basic
 
make[1]: *** No rule to make target `include/config/auto.conf', needed by `prepare1'.

:
:
 
/Library/Developer/CommandLineTools/usr/bin/make -f ../Makefile silentoldconfig
 
/Library/Developer/CommandLineTools/usr/bin/make -f ../scripts/Makefile.build obj=scripts/basic
 
:
:
 
ln -fsn .. source
/bin/sh ../scripts/mkmakefile \
	    .. . 1 0
/Library/Developer/CommandLineTools/usr/bin/make -f ../scripts/Makefile.build obj=scripts/kconfig silentoldconfig
 
:
 
echo '  SHIPPED scripts/kconfig/zconf.tab.c'; cat ../scripts/kconfig/zconf.tab.c_shipped > scripts/kconfig/zconf.tab.c
echo '  SHIPPED scripts/kconfig/zconf.lex.c'; cat ../scripts/kconfig/zconf.lex.c_shipped > scripts/kconfig/zconf.lex.c
 
echo '  SHIPPED scripts/kconfig/zconf.hash.c'; cat ../scripts/kconfig/zconf.hash.c_shipped > scripts/kconfig/zconf.hash.c
 
set -e;  echo '  HOSTCC  scripts/kconfig/zconf.tab.o'; gcc -Wp,-MD,scripts/kconfig/.zconf.tab.o.d -Iscripts/kconfig -Wall -Wmissing-prototypes -Wstrict-prototypes -O2 -fomit-frame-pointer -std=gnu89 -Wno-unused-value -Wno-unused-parameter -Wno-missing-field-initializers -fno-delete-null-pointer-checks -Wno-format-security -DCURSES_LOC="<ncurses.h>" -DNCURSES_WIDECHAR=1 -DLOCALE -DKBUILD_NO_NLS  -I../scripts/kconfig -Iscripts/kconfig -c -o scripts/kconfig/zconf.tab.o scripts/kconfig/zconf.tab.c; scripts/basic/fixdep scripts/kconfig/.zconf.tab.o.d scripts/kconfig/zconf.tab.o 'gcc -Wp,-MD,scripts/kconfig/.zconf.tab.o.d -Iscripts/kconfig -Wall -Wmissing-prototypes -Wstrict-prototypes -O2 -fomit-frame-pointer -std=gnu89 -Wno-unused-value -Wno-unused-parameter -Wno-missing-field-initializers -fno-delete-null-pointer-checks -Wno-format-security -DCURSES_LOC="<ncurses.h>" -DNCURSES_WIDECHAR=1 -DLOCALE -DKBUILD_NO_NLS  -I../scripts/kconfig -Iscripts/kconfig -c -o scripts/kconfig/zconf.tab.o scripts/kconfig/zconf.tab.c' > scripts/kconfig/.zconf.tab.o.tmp; rm -f scripts/kconfig/.zconf.tab.o.d; mv -f scripts/kconfig/.zconf.tab.o.tmp scripts/kconfig/.zconf.tab.o.cmd;
 
set -e;  echo '  HOSTLD  scripts/kconfig/conf'; gcc  -o scripts/kconfig/conf scripts/kconfig/conf.o scripts/kconfig/zconf.tab.o  ; printf '%s\n' 'cmd_scripts/kconfig/conf := gcc  -o scripts/kconfig/conf scripts/kconfig/conf.o scripts/kconfig/zconf.tab.o  ' > scripts/kconfig/.conf.cmd
mkdir -p include/config include/generated
scripts/kconfig/conf  --silentoldconfig Kconfig
 
make[1]: Leaving directory `/Users/jowallace/Dev/SPRE-2022/firmware/rateController/build'
 
make: Leaving directory `/Users/jowallace/Dev/SPRE-2022/firmware/rateController'
 
make: *** [sub-make] Error 2

